[06.09.2023 14:58:04] Сервер - Сервер чата начинает работу .....
[06.09.2023 14:58:10] Сервер - Введите свое имя <Пожалуйста не используйте пробелы> : 
[06.09.2023 14:58:14] @ali
[06.09.2023 14:58:14] Сервер - # Зарегестрирован успешно как "+ clientName +" !
[06.09.2023 14:58:14] Сервер - Формат сообщения
[06.09.2023 14:58:14] Сервер - --------------
[06.09.2023 14:58:14] Сервер - Тело сообщения @кому [Тело сообщения может содержать пробелы]
[06.09.2023 14:59:31] Сервер - Сервер чата начинает работу .....
[06.09.2023 14:59:41] Сервер - Введите свое имя <Пожалуйста не используйте пробелы> : 
[06.09.2023 14:59:47] @byk
[06.09.2023 14:59:47] Сервер - # Зарегестрирован успешно как @byk !
[06.09.2023 14:59:47] Сервер - Формат сообщения
[06.09.2023 14:59:47] Сервер - --------------
[06.09.2023 14:59:47] Сервер - Тело сообщения @кому [Тело сообщения может содержать пробелы]
[06.09.2023 14:59:53] Сервер - Сообщение от вервера :Нет такого имени
[06.09.2023 15:00:26] Сервер - Сервер чата начинает работу .....
[06.09.2023 15:00:36] Сервер - Сервер чата начинает работу .....
[06.09.2023 15:00:40] Сервер - Введите свое имя <Пожалуйста не используйте пробелы> : 
[06.09.2023 15:00:44] @ali
[06.09.2023 15:00:44] Сервер - # Зарегестрирован успешно как @ali !
[06.09.2023 15:00:44] Сервер - Формат сообщения
[06.09.2023 15:00:44] Сервер - --------------
[06.09.2023 15:00:44] Сервер - Тело сообщения @кому [Тело сообщения может содержать пробелы]
[06.09.2023 15:01:07] Сервер - Сервер чата начинает работу .....
[06.09.2023 15:01:13] Сервер - Введите свое имя <Пожалуйста не используйте пробелы> : 
[06.09.2023 15:01:18] @axmed
[06.09.2023 15:01:18] Сервер - # Зарегестрирован успешно как @axmed !
[06.09.2023 15:01:18] Сервер - Формат сообщения
[06.09.2023 15:01:18] Сервер - --------------
[06.09.2023 15:01:18] Сервер - Тело сообщения @кому [Тело сообщения может содержать пробелы]
[06.09.2023 15:04:04] Сервер - Сервер чата начинает работу .....
[06.09.2023 15:04:09] Сервер - Введите свое имя <Пожалуйста не используйте пробелы> : 
[06.09.2023 15:04:13] @ali
[06.09.2023 15:04:13] Сервер - # Зарегестрирован успешно как @ali !
[06.09.2023 15:04:13] Сервер - Формат сообщения
[06.09.2023 15:04:13] Сервер - --------------
[06.09.2023 15:04:13] Сервер - Тело сообщения @кому [Тело сообщения может содержать пробелы]
[06.09.2023 15:04:20] @ali: hi 
[06.09.2023 15:12:17] Сервер - Сервер чата начинает работу .....
[06.09.2023 15:12:22] Сервер - Введите свое имя <Пожалуйста не используйте пробелы> : 
[06.09.2023 15:12:25] @ali
[06.09.2023 15:12:25] Сервер - # Зарегестрирован успешно как @ali !
[06.09.2023 15:12:25] Сервер - Формат сообщения
[06.09.2023 15:12:25] Сервер - --------------
[06.09.2023 15:12:25] Сервер - Тело сообщения @кому [Тело сообщения может содержать пробелы]
[06.09.2023 15:17:51] Сервер - Сервер чата начинает работу .....
[06.09.2023 15:17:58] Сервер - Введите свое имя <Пожалуйста не используйте пробелы> : 
[06.09.2023 15:18:02] @az
[06.09.2023 15:18:02] Сервер - # Зарегестрирован успешно как @az !
[06.09.2023 15:18:02] Сервер - Формат сообщения
[06.09.2023 15:18:02] Сервер - --------------
[06.09.2023 15:18:02] Сервер - Тело сообщения @кому [Тело сообщения может содержать пробелы]
[06.09.2023 15:18:06] @az: df 
[06.09.2023 15:18:11] @az: qw 
[06.09.2023 15:23:06] Сервер - Сервер чата начинает работу .....
[06.09.2023 15:23:11] Сервер - Введите свое имя <Пожалуйста не используйте пробелы> : 
[06.09.2023 15:23:15] @qw
[06.09.2023 15:23:15] Сервер - # Зарегестрирован успешно как @qw !
[06.09.2023 15:23:15] Сервер - Формат сообщения
[06.09.2023 15:23:15] Сервер - --------------
[06.09.2023 15:23:15] Сервер - Тело сообщения @кому [Тело сообщения может содержать пробелы]
[06.09.2023 15:23:20] @qw: e 
